0.107 0.107
0.098 0.098
0.124 0.124
0.124 0.124
0.154 0.154
0.117 0.117
0.166 0.166
0.167 0.167
0.161 0.161
0.158 0.158
0.168 0.168
0.151 0.151
0.160 0.160
0.143 0.143
0.156 0.156
0.149 0.149
0.194 0.194
0.206 0.206
0.176 0.176
0.075 0.075
0.083 0.083
0.088 0.088
0.088 0.088
0.088 0.088
0.128 0.128
0.121 0.121
0.109 0.109
0.108 0.108
0.108 0.108
0.105 0.105
0.078 0.078
0.117 0.117
0.073 0.073
0.095 0.095
0.100 0.100
0.077 0.077
0.100 0.100
0.100 0.100
0.091 0.091
0.122 0.122
0.133 0.133
0.163 0.163
0.121 0.121
0.133 0.133
0.151 0.151
0.151 0.151
0.119 0.119
0.130 0.130
0.155 0.155
0.167 0.167
0.148 0.148
0.179 0.179
0.148 0.148
0.157 0.157
0.147 0.147
0.147 0.147
0.168 0.168
0.168 0.168
0.054 0.054
0.054 0.054
0.054 0.054
0.054 0.054
0.054 0.054
0.131 0.131
0.127 0.127
0.096 0.096
0.123 0.123
0.102 0.102
0.102 0.102
0.101 0.101
0.097 0.097
0.111 0.111
0.117 0.117
0.112 0.112
0.118 0.118
0.132 0.132
0.057 0.057
0.057 0.057
0.079 0.079
0.077 0.077
0.108 0.108
0.112 0.112
0.118 0.118
0.124 0.124
0.123 0.123
0.125 0.125
0.125 0.125
0.124 0.124
0.125 0.125
0.123 0.123
0.124 0.124
0.123 0.123
0.156 0.156
0.155 0.155
0.154 0.154
0.154 0.154
0.049 0.049
0.057 0.057
0.057 0.057
0.057 0.057
0.090 0.090
0.090 0.090
0.064 0.064
0.072 0.072
0.071 0.071
0.091 0.091
0.071 0.071
0.071 0.071
0.070 0.070
0.092 0.092
0.099 0.099
0.085 0.085
0.059 0.059
0.059 0.059
0.070 0.070
0.093 0.093
0.093 0.093
0.110 0.110
0.099 0.099
0.110 0.110
0.113 0.113
0.113 0.113
0.130 0.130
0.130 0.130
0.142 0.142
0.144 0.144
0.180 0.180
0.189 0.189
0.146 0.146
0.146 0.146
0.207 0.207
0.167 0.167
0.171 0.171
0.190 0.190
0.209 0.209
0.126 0.126
0.137 0.137
0.124 0.124
0.171 0.171
0.171 0.171
0.206 0.206
0.206 0.206
0.190 0.190
0.189 0.189
0.221 0.221
0.216 0.216
0.201 0.201
0.231 0.231
0.211 0.211
0.214 0.214
0.229 0.229
0.199 0.199
0.206 0.206
0.191 0.191
0.230 0.230
0.113 0.113
0.113 0.113
0.113 0.113
0.113 0.113
0.186 0.186
0.122 0.122
0.147 0.147
0.115 0.115
0.121 0.121
0.114 0.114
0.114 0.114
0.111 0.111
0.111 0.111
0.121 0.121
0.140 0.140
0.113 0.113
0.027 0.027
0.064 0.064
- 1.459
- 2.063
- 0.333
- 0.398
- 3.066
- 2.463
- 1.433
- 1.034
- 1.647
